# JRE version: 7.0_07-b11
# Java VM: Java HotSpot(TM) Client VM (23.3-b01 mixed mode windows-x86 )
Heap
 def new generation   total 4928K, used 2338K [0x02ba0000, 0x030f0000, 0x080f0000)
  eden space 4416K,  41% used [0x02ba0000, 0x02d689d8, 0x02ff0000)
  from space 512K, 100% used [0x03070000, 0x030f0000, 0x030f0000)
  to   space 512K,   0% used [0x02ff0000, 0x02ff0000, 0x03070000)
 tenured generation   total 10944K, used 6692K [0x080f0000, 0x08ba0000, 0x12ba0000)
   the space 10944K,  61% used [0x080f0000, 0x08779340, 0x08779400, 0x08ba0000)
 compacting perm gen  total 12800K, used 12777K [0x12ba0000, 0x13820000, 0x16ba0000)
   the space 12800K,  99% used [0x12ba0000, 0x1381a618, 0x1381a800, 0x13820000)
GC Heap History (10 events):
Event: 0.431 GC heap before
{Heap before GC invocations=0 (full 0):
 def new generation   total 4928K, used 4339K [0x02ba0000, 0x030f0000, 0x080f0000)
  eden space 4416K,  98% used [0x02ba0000, 0x02fdcc48, 0x02ff0000)
  from space 512K,   0% used [0x02ff0000, 0x02ff0000, 0x03070000)
  to   space 512K,   0% used [0x03070000, 0x03070000, 0x030f0000)
 tenured generation   total 10944K, used 0K [0x080f0000, 0x08ba0000, 0x12ba0000)
   the space 10944K,   0% used [0x080f0000, 0x080f0000, 0x080f0200, 0x08ba0000)
 compacting perm gen  total 12288K, used 6394K [0x12ba0000, 0x137a0000, 0x16ba0000)
   the space 12288K,  52% used [0x12ba0000, 0x131de888, 0x131dea00, 0x137a0000)
No shared spaces configured.
Event: 0.452 GC heap after
Heap after GC invocations=1 (full 0):
 def new generation   total 4928K, used 512K [0x02ba0000, 0x030f0000, 0x080f0000)
  eden space 4416K,   0% used [0x02ba0000, 0x02ba0000, 0x02ff0000)
  from space 512K, 100% used [0x03070000, 0x030f0000, 0x030f0000)
  to   space 512K,   0% used [0x02ff0000, 0x02ff0000, 0x03070000)
 tenured generation   total 10944K, used 1132K [0x080f0000, 0x08ba0000, 0x12ba0000)
   the space 10944K,  10% used [0x080f0000, 0x0820b100, 0x0820b200, 0x08ba0000)
 compacting perm gen  total 12288K, used 6394K [0x12ba0000, 0x137a0000, 0x16ba0000)
   the space 12288K,  52% used [0x12ba0000, 0x131de888, 0x131dea00, 0x137a0000)
No shared spaces configured.
}
Event: 3.282 GC heap before
{Heap before GC invocations=1 (full 0):
 def new generation   total 4928K, used 4928K [0x02ba0000, 0x030f0000, 0x080f0000)
  eden space 4416K, 100% used [0x02ba0000, 0x02ff0000, 0x02ff0000)
  from space 512K, 100% used [0x03070000, 0x030f0000, 0x030f0000)
  to   space 512K,   0% used [0x02ff0000, 0x02ff0000, 0x03070000)
 tenured generation   total 10944K, used 1132K [0x080f0000, 0x08ba0000, 0x12ba0000)
   the space 10944K,  10% used [0x080f0000, 0x0820b100, 0x0820b200, 0x08ba0000)
 compacting perm gen  total 12288K, used 7511K [0x12ba0000, 0x137a0000, 0x16ba0000)
   the space 12288K,  61% used [0x12ba0000, 0x132f5e98, 0x132f6000, 0x137a0000)
No shared spaces configured.
Event: 3.292 GC heap after
Heap after GC invocations=2 (full 0):
 def new generation   total 4928K, used 512K [0x02ba0000, 0x030f0000, 0x080f0000)
  eden space 4416K,   0% used [0x02ba0000, 0x02ba0000, 0x02ff0000)
  from space 512K, 100% used [0x02ff0000, 0x03070000, 0x03070000)
  to   space 512K,   0% used [0x03070000, 0x03070000, 0x030f0000)
 tenured generation   total 10944K, used 2676K [0x080f0000, 0x08ba0000, 0x12ba0000)
   the space 10944K,  24% used [0x080f0000, 0x0838d340, 0x0838d400, 0x08ba0000)
 compacting perm gen  total 12288K, used 7511K [0x12ba0000, 0x137a0000, 0x16ba0000)
   the space 12288K,  61% used [0x12ba0000, 0x132f5e98, 0x132f6000, 0x137a0000)
No shared spaces configured.
}
Event: 8.475 GC heap before
{Heap before GC invocations=2 (full 0):
 def new generation   total 4928K, used 4928K [0x02ba0000, 0x030f0000, 0x080f0000)
  eden space 4416K, 100% used [0x02ba0000, 0x02ff0000, 0x02ff0000)
  from space 512K, 100% used [0x02ff0000, 0x03070000, 0x03070000)
  to   space 512K,   0% used [0x03070000, 0x03070000, 0x030f0000)
 tenured generation   total 10944K, used 2676K [0x080f0000, 0x08ba0000, 0x12ba0000)
   the space 10944K,  24% used [0x080f0000, 0x0838d340, 0x0838d400, 0x08ba0000)
 compacting perm gen  total 12288K, used 10204K [0x12ba0000, 0x137a0000, 0x16ba0000)
   the space 12288K,  83% used [0x12ba0000, 0x13597370, 0x13597400, 0x137a0000)
No shared spaces configured.
Event: 8.485 GC heap after
Heap after GC invocations=3 (full 0):
 def new generation   total 4928K, used 512K [0x02ba0000, 0x030f0000, 0x080f0000)
  eden space 4416K,   0% used [0x02ba0000, 0x02ba0000, 0x02ff0000)
  from space 512K, 100% used [0x03070000, 0x030f0000, 0x030f0000)
  to   space 512K,   0% used [0x02ff0000, 0x02ff0000, 0x03070000)
 tenured generation   total 10944K, used 3647K [0x080f0000, 0x08ba0000, 0x12ba0000)
   the space 10944K,  33% used [0x080f0000, 0x0847ffa0, 0x08480000, 0x08ba0000)
 compacting perm gen  total 12288K, used 10204K [0x12ba0000, 0x137a0000, 0x16ba0000)
   the space 12288K,  83% used [0x12ba0000, 0x13597370, 0x13597400, 0x137a0000)
No shared spaces configured.
}
Event: 9.094 GC heap before
{Heap before GC invocations=3 (full 0):
 def new generation   total 4928K, used 4928K [0x02ba0000, 0x030f0000, 0x080f0000)
  eden space 4416K, 100% used [0x02ba0000, 0x02ff0000, 0x02ff0000)
  from space 512K, 100% used [0x03070000, 0x030f0000, 0x030f0000)
  to   space 512K,   0% used [0x02ff0000, 0x02ff0000, 0x03070000)
 tenured generation   total 10944K, used 3647K [0x080f0000, 0x08ba0000, 0x12ba0000)
   the space 10944K,  33% used [0x080f0000, 0x0847ffa0, 0x08480000, 0x08ba0000)
 compacting perm gen  total 12288K, used 11129K [0x12ba0000, 0x137a0000, 0x16ba0000)
   the space 12288K,  90% used [0x12ba0000, 0x1367e7e8, 0x1367e800, 0x137a0000)
No shared spaces configured.
Event: 9.110 GC heap after
Heap after GC invocations=4 (full 0):
 def new generation   total 4928K, used 512K [0x02ba0000, 0x030f0000, 0x080f0000)
  eden space 4416K,   0% used [0x02ba0000, 0x02ba0000, 0x02ff0000)
  from space 512K, 100% used [0x02ff0000, 0x03070000, 0x03070000)
  to   space 512K,   0% used [0x03070000, 0x03070000, 0x030f0000)
 tenured generation   total 10944K, used 4494K [0x080f0000, 0x08ba0000, 0x12ba0000)
   the space 10944K,  41% used [0x080f0000, 0x085538f8, 0x08553a00, 0x08ba0000)
 compacting perm gen  total 12288K, used 11129K [0x12ba0000, 0x137a0000, 0x16ba0000)
   the space 12288K,  90% used [0x12ba0000, 0x1367e7e8, 0x1367e800, 0x137a0000)
No shared spaces configured.
}
Event: 12.964 GC heap before
{Heap before GC invocations=4 (full 0):
 def new generation   total 4928K, used 4928K [0x02ba0000, 0x030f0000, 0x080f0000)
  eden space 4416K, 100% used [0x02ba0000, 0x02ff0000, 0x02ff0000)
  from space 512K, 100% used [0x02ff0000, 0x03070000, 0x03070000)
  to   space 512K,   0% used [0x03070000, 0x03070000, 0x030f0000)
 tenured generation   total 10944K, used 4494K [0x080f0000, 0x08ba0000, 0x12ba0000)
   the space 10944K,  41% used [0x080f0000, 0x085538f8, 0x08553a00, 0x08ba0000)
 compacting perm gen  total 12288K, used 12145K [0x12ba0000, 0x137a0000, 0x16ba0000)
   the space 12288K,  98% used [0x12ba0000, 0x1377c648, 0x1377c800, 0x137a0000)
No shared spaces configured.
Event: 12.973 GC heap after
Heap after GC invocations=5 (full 0):
 def new generation   total 4928K, used 512K [0x02ba0000, 0x030f0000, 0x080f0000)
  eden space 4416K,   0% used [0x02ba0000, 0x02ba0000, 0x02ff0000)
  from space 512K, 100% used [0x03070000, 0x030f0000, 0x030f0000)
  to   space 512K,   0% used [0x02ff0000, 0x02ff0000, 0x03070000)
 tenured generation   total 10944K, used 6692K [0x080f0000, 0x08ba0000, 0x12ba0000)
   the space 10944K,  61% used [0x080f0000, 0x08779340, 0x08779400, 0x08ba0000)
 compacting perm gen  total 12288K, used 12145K [0x12ba0000, 0x137a0000, 0x16ba0000)
   the space 12288K,  98% used [0x12ba0000, 0x1377c648, 0x1377c800, 0x137a0000)
No shared spaces configured.
}

