# JRE version: 7.0_07-b11
# Java VM: Java HotSpot(TM) Client VM (23.3-b01 mixed mode windows-x86 )
Heap
 def new generation   total 4928K, used 3218K [0x02ba0000, 0x030f0000, 0x080f0000)
  eden space 4416K,  61% used [0x02ba0000, 0x02e448d8, 0x02ff0000)
  from space 512K, 100% used [0x03070000, 0x030f0000, 0x030f0000)
  to   space 512K,   0% used [0x02ff0000, 0x02ff0000, 0x03070000)
 tenured generation   total 10944K, used 6604K [0x080f0000, 0x08ba0000, 0x12ba0000)
   the space 10944K,  60% used [0x080f0000, 0x08763228, 0x08763400, 0x08ba0000)
 compacting perm gen  total 12800K, used 12764K [0x12ba0000, 0x13820000, 0x16ba0000)
   the space 12800K,  99% used [0x12ba0000, 0x138173e0, 0x13817400, 0x13820000)
GC Heap History (10 events):
Event: 0.466 GC heap before
{Heap before GC invocations=0 (full 0):
 def new generation   total 4928K, used 4339K [0x02ba0000, 0x030f0000, 0x080f0000)
  eden space 4416K,  98% used [0x02ba0000, 0x02fdcc48, 0x02ff0000)
  from space 512K,   0% used [0x02ff0000, 0x02ff0000, 0x03070000)
  to   space 512K,   0% used [0x03070000, 0x03070000, 0x030f0000)
 tenured generation   total 10944K, used 0K [0x080f0000, 0x08ba0000, 0x12ba0000)
   the space 10944K,   0% used [0x080f0000, 0x080f0000, 0x080f0200, 0x08ba0000)
 compacting perm gen  total 12288K, used 6383K [0x12ba0000, 0x137a0000, 0x16ba0000)
   the space 12288K,  51% used [0x12ba0000, 0x131dbc30, 0x131dbe00, 0x137a0000)
No shared spaces configured.
Event: 0.486 GC heap after
Heap after GC invocations=1 (full 0):
 def new generation   total 4928K, used 512K [0x02ba0000, 0x030f0000, 0x080f0000)
  eden space 4416K,   0% used [0x02ba0000, 0x02ba0000, 0x02ff0000)
  from space 512K, 100% used [0x03070000, 0x030f0000, 0x030f0000)
  to   space 512K,   0% used [0x02ff0000, 0x02ff0000, 0x03070000)
 tenured generation   total 10944K, used 1130K [0x080f0000, 0x08ba0000, 0x12ba0000)
   the space 10944K,  10% used [0x080f0000, 0x0820ab88, 0x0820ac00, 0x08ba0000)
 compacting perm gen  total 12288K, used 6383K [0x12ba0000, 0x137a0000, 0x16ba0000)
   the space 12288K,  51% used [0x12ba0000, 0x131dbc30, 0x131dbe00, 0x137a0000)
No shared spaces configured.
}
Event: 3.445 GC heap before
{Heap before GC invocations=1 (full 0):
 def new generation   total 4928K, used 4928K [0x02ba0000, 0x030f0000, 0x080f0000)
  eden space 4416K, 100% used [0x02ba0000, 0x02ff0000, 0x02ff0000)
  from space 512K, 100% used [0x03070000, 0x030f0000, 0x030f0000)
  to   space 512K,   0% used [0x02ff0000, 0x02ff0000, 0x03070000)
 tenured generation   total 10944K, used 1130K [0x080f0000, 0x08ba0000, 0x12ba0000)
   the space 10944K,  10% used [0x080f0000, 0x0820ab88, 0x0820ac00, 0x08ba0000)
 compacting perm gen  total 12288K, used 7428K [0x12ba0000, 0x137a0000, 0x16ba0000)
   the space 12288K,  60% used [0x12ba0000, 0x132e1248, 0x132e1400, 0x137a0000)
No shared spaces configured.
Event: 3.465 GC heap after
Heap after GC invocations=2 (full 0):
 def new generation   total 4928K, used 512K [0x02ba0000, 0x030f0000, 0x080f0000)
  eden space 4416K,   0% used [0x02ba0000, 0x02ba0000, 0x02ff0000)
  from space 512K, 100% used [0x02ff0000, 0x03070000, 0x03070000)
  to   space 512K,   0% used [0x03070000, 0x03070000, 0x030f0000)
 tenured generation   total 10944K, used 2670K [0x080f0000, 0x08ba0000, 0x12ba0000)
   the space 10944K,  24% used [0x080f0000, 0x0838b820, 0x0838ba00, 0x08ba0000)
 compacting perm gen  total 12288K, used 7428K [0x12ba0000, 0x137a0000, 0x16ba0000)
   the space 12288K,  60% used [0x12ba0000, 0x132e1248, 0x132e1400, 0x137a0000)
No shared spaces configured.
}
Event: 14.748 GC heap before
{Heap before GC invocations=2 (full 0):
 def new generation   total 4928K, used 4928K [0x02ba0000, 0x030f0000, 0x080f0000)
  eden space 4416K, 100% used [0x02ba0000, 0x02ff0000, 0x02ff0000)
  from space 512K, 100% used [0x02ff0000, 0x03070000, 0x03070000)
  to   space 512K,   0% used [0x03070000, 0x03070000, 0x030f0000)
 tenured generation   total 10944K, used 2670K [0x080f0000, 0x08ba0000, 0x12ba0000)
   the space 10944K,  24% used [0x080f0000, 0x0838b820, 0x0838ba00, 0x08ba0000)
 compacting perm gen  total 12288K, used 10132K [0x12ba0000, 0x137a0000, 0x16ba0000)
   the space 12288K,  82% used [0x12ba0000, 0x13585350, 0x13585400, 0x137a0000)
No shared spaces configured.
Event: 14.758 GC heap after
Heap after GC invocations=3 (full 0):
 def new generation   total 4928K, used 512K [0x02ba0000, 0x030f0000, 0x080f0000)
  eden space 4416K,   0% used [0x02ba0000, 0x02ba0000, 0x02ff0000)
  from space 512K, 100% used [0x03070000, 0x030f0000, 0x030f0000)
  to   space 512K,   0% used [0x02ff0000, 0x02ff0000, 0x03070000)
 tenured generation   total 10944K, used 3645K [0x080f0000, 0x08ba0000, 0x12ba0000)
   the space 10944K,  33% used [0x080f0000, 0x0847f628, 0x0847f800, 0x08ba0000)
 compacting perm gen  total 12288K, used 10132K [0x12ba0000, 0x137a0000, 0x16ba0000)
   the space 12288K,  82% used [0x12ba0000, 0x13585350, 0x13585400, 0x137a0000)
No shared spaces configured.
}
Event: 15.297 GC heap before
{Heap before GC invocations=3 (full 0):
 def new generation   total 4928K, used 4928K [0x02ba0000, 0x030f0000, 0x080f0000)
  eden space 4416K, 100% used [0x02ba0000, 0x02ff0000, 0x02ff0000)
  from space 512K, 100% used [0x03070000, 0x030f0000, 0x030f0000)
  to   space 512K,   0% used [0x02ff0000, 0x02ff0000, 0x03070000)
 tenured generation   total 10944K, used 3645K [0x080f0000, 0x08ba0000, 0x12ba0000)
   the space 10944K,  33% used [0x080f0000, 0x0847f628, 0x0847f800, 0x08ba0000)
 compacting perm gen  total 12288K, used 11081K [0x12ba0000, 0x137a0000, 0x16ba0000)
   the space 12288K,  90% used [0x12ba0000, 0x136726d0, 0x13672800, 0x137a0000)
No shared spaces configured.
Event: 15.304 GC heap after
Heap after GC invocations=4 (full 0):
 def new generation   total 4928K, used 512K [0x02ba0000, 0x030f0000, 0x080f0000)
  eden space 4416K,   0% used [0x02ba0000, 0x02ba0000, 0x02ff0000)
  from space 512K, 100% used [0x02ff0000, 0x03070000, 0x03070000)
  to   space 512K,   0% used [0x03070000, 0x03070000, 0x030f0000)
 tenured generation   total 10944K, used 4486K [0x080f0000, 0x08ba0000, 0x12ba0000)
   the space 10944K,  40% used [0x080f0000, 0x08551a38, 0x08551c00, 0x08ba0000)
 compacting perm gen  total 12288K, used 11081K [0x12ba0000, 0x137a0000, 0x16ba0000)
   the space 12288K,  90% used [0x12ba0000, 0x136726d0, 0x13672800, 0x137a0000)
No shared spaces configured.
}
Event: 25.117 GC heap before
{Heap before GC invocations=4 (full 0):
 def new generation   total 4928K, used 4928K [0x02ba0000, 0x030f0000, 0x080f0000)
  eden space 4416K, 100% used [0x02ba0000, 0x02ff0000, 0x02ff0000)
  from space 512K, 100% used [0x02ff0000, 0x03070000, 0x03070000)
  to   space 512K,   0% used [0x03070000, 0x03070000, 0x030f0000)
 tenured generation   total 10944K, used 4486K [0x080f0000, 0x08ba0000, 0x12ba0000)
   the space 10944K,  40% used [0x080f0000, 0x08551a38, 0x08551c00, 0x08ba0000)
 compacting perm gen  total 12544K, used 12310K [0x12ba0000, 0x137e0000, 0x16ba0000)
   the space 12544K,  98% used [0x12ba0000, 0x137a5a80, 0x137a5c00, 0x137e0000)
No shared spaces configured.
Event: 25.136 GC heap after
Heap after GC invocations=5 (full 0):
 def new generation   total 4928K, used 512K [0x02ba0000, 0x030f0000, 0x080f0000)
  eden space 4416K,   0% used [0x02ba0000, 0x02ba0000, 0x02ff0000)
  from space 512K, 100% used [0x03070000, 0x030f0000, 0x030f0000)
  to   space 512K,   0% used [0x02ff0000, 0x02ff0000, 0x03070000)
 tenured generation   total 10944K, used 6604K [0x080f0000, 0x08ba0000, 0x12ba0000)
   the space 10944K,  60% used [0x080f0000, 0x08763228, 0x08763400, 0x08ba0000)
 compacting perm gen  total 12544K, used 12310K [0x12ba0000, 0x137e0000, 0x16ba0000)
   the space 12544K,  98% used [0x12ba0000, 0x137a5a80, 0x137a5c00, 0x137e0000)
No shared spaces configured.
}

